-------------------------------------------------------------------------------
Test set: com.phorestdemo.tests.ExampleTest
-------------------------------------------------------------------------------
Tests run: 1, Failures: 0, Errors: 1, Skipped: 0, Time elapsed: 24.32 s <<< FAILURE! -- in com.phorestdemo.tests.ExampleTest
com.phorestdemo.tests.ExampleTest.sendToMeTest -- Time elapsed: 16.89 s <<< ERROR!
com.microsoft.playwright.TimeoutError: 
Error {
  message='Timeout 10000ms exceeded.
  name='TimeoutError
  stack='TimeoutError: Timeout 10000ms exceeded.
    at ProgressController.run (C:\Users\eoino\AppData\Local\Temp\playwright-java-232011286220347590\package\lib\server\progress.js:87:26)
    at Frame.click (C:\Users\eoino\AppData\Local\Temp\playwright-java-232011286220347590\package\lib\server\frames.js:995:23)
    at FrameDispatcher.click (C:\Users\eoino\AppData\Local\Temp\playwright-java-232011286220347590\package\lib\server\dispatchers\frameDispatcher.js:158:30)
    at FrameDispatcher._handleCommand (C:\Users\eoino\AppData\Local\Temp\playwright-java-232011286220347590\package\lib\server\dispatchers\dispatcher.js:94:40)
    at DispatcherConnection.dispatch (C:\Users\eoino\AppData\Local\Temp\playwright-java-232011286220347590\package\lib\server\dispatchers\dispatcher.js:362:39)
}
Call log:
- waiting for locator("button[data-actio='stripe-purchase#confirmPayment']")

	at com.microsoft.playwright.impl.WaitableResult.get(WaitableResult.java:52)
	at com.microsoft.playwright.impl.ChannelOwner.runUntil(ChannelOwner.java:120)
	at com.microsoft.playwright.impl.Connection.sendMessage(Connection.java:129)
	at com.microsoft.playwright.impl.ChannelOwner.sendMessage(ChannelOwner.java:106)
	at com.microsoft.playwright.impl.FrameImpl.clickImpl(FrameImpl.java:252)
	at com.microsoft.playwright.impl.FrameImpl.lambda$click$8(FrameImpl.java:243)
	at com.microsoft.playwright.impl.LoggingSupport.lambda$withLogging$0(LoggingSupport.java:36)
	at com.microsoft.playwright.impl.LoggingSupport.withLogging(LoggingSupport.java:47)
	at com.microsoft.playwright.impl.ChannelOwner.withLogging(ChannelOwner.java:89)
	at com.microsoft.playwright.impl.LoggingSupport.withLogging(LoggingSupport.java:35)
	at com.microsoft.playwright.impl.FrameImpl.click(FrameImpl.java:243)
	at com.microsoft.playwright.impl.LocatorImpl.click(LocatorImpl.java:140)
	at com.microsoft.playwright.Locator.click(Locator.java:2387)
	at com.phorestdemo.pages.SummaryPage.clickPayButton(SummaryPage.java:91)
	at com.phorestdemo.tests.ExampleTest.sendToMeTest(ExampleTest.java:69)
	at java.base/java.lang.reflect.Method.invoke(Method.java:568)
	at java.base/java.util.ArrayList.forEach(ArrayList.java:1511)
	at java.base/java.util.ArrayList.forEach(ArrayList.java:1511)
Caused by: com.microsoft.playwright.TimeoutError: Error {
  message='Timeout 10000ms exceeded.
  name='TimeoutError
  stack='TimeoutError: Timeout 10000ms exceeded.
    at ProgressController.run (C:\Users\eoino\AppData\Local\Temp\playwright-java-232011286220347590\package\lib\server\progress.js:87:26)
    at Frame.click (C:\Users\eoino\AppData\Local\Temp\playwright-java-232011286220347590\package\lib\server\frames.js:995:23)
    at FrameDispatcher.click (C:\Users\eoino\AppData\Local\Temp\playwright-java-232011286220347590\package\lib\server\dispatchers\frameDispatcher.js:158:30)
    at FrameDispatcher._handleCommand (C:\Users\eoino\AppData\Local\Temp\playwright-java-232011286220347590\package\lib\server\dispatchers\dispatcher.js:94:40)
    at DispatcherConnection.dispatch (C:\Users\eoino\AppData\Local\Temp\playwright-java-232011286220347590\package\lib\server\dispatchers\dispatcher.js:362:39)
}
Call log:
- waiting for locator("button[data-actio='stripe-purchase#confirmPayment']")

	at com.microsoft.playwright.impl.Connection.dispatch(Connection.java:254)
	at com.microsoft.playwright.impl.Connection.processOneMessage(Connection.java:209)
	at com.microsoft.playwright.impl.ChannelOwner.runUntil(ChannelOwner.java:118)
	... 16 more

